Wed May 14 2014 14:48:00 GMT-0700 (PDT):
{ [Error: Error: Website with given name shortly already exists.]
  stack: [Getter/Setter],
  __frame: 
   { name: 'createSite',
     line: 385,
     file: '/Users/HR10/.nvm/v0.10.25/lib/node_modules/azure-cli/lib/commands/asm/site._js',
     prev: 
      { name: '__4',
        line: 202,
        file: '/Users/HR10/.nvm/v0.10.25/lib/node_modules/azure-cli/lib/commands/asm/site._js',
        prev: undefined,
        active: false,
        offset: 50,
        col: 12 },
     active: false,
     offset: 20,
     col: 21 },
  rawStack: [Getter] }
Error: Error: Website with given name shortly already exists.
    at createSite__3 (/Users/HR10/.nvm/v0.10.25/lib/node_modules/azure-cli/lib/commands/asm/websites/websitesclient._js:308:34)
    at createSite (/Users/HR10/.nvm/v0.10.25/lib/node_modules/azure-cli/lib/commands/asm/site._js:405:21)
    at __4 (/Users/HR10/.nvm/v0.10.25/lib/node_modules/azure-cli/lib/commands/asm/site._js:252:12)

